app/build/outputs/logs/manifest-merger-normal-debug-report.txt
-- Merging decision tree log ---
provider#androidx.core.content.FileProvider
INJECTED from src\main\AndroidManifest.xml:81:9-89:20
	android:grantUriPermissions
		ADDED from src\main\AndroidManifest.xml:85:13-47
	android:authorities
		INJECTED from src\main\AndroidManifest.xml
		ADDED from src\main\AndroidManifest.xml:83:13-64
	android:exported
		ADDED from src\main\AndroidManifest.xml:84:13-37
	android:name
		ADDED from src\main\AndroidManifest.xml:82:13-62
manifest
ADDED from src\main\AndroidManifest.xml:2:1-106:12
INJECTED from src\main\AndroidManifest.xml:2:1-106:12
INJECTED from src\main\AndroidManifest.xml:2:1-106:12
INJECTED from src\main\AndroidManifest.xml:2:1-106:12
MERGED from [xwalk_shared_library-23.53.589.4.aar] AndroidManifest.xml:1:1-9:12
MERGED from [com.kingja.loadsir:loadsir:1.3.8] AndroidManifest.xml:2:1-11:12
MERGED from [androidx.constraintlayout:constraintlayout:2.0.4] AndroidManifest.xml:2:1-11:12
MERGED from [androidx.appcompat:appcompat:1.3.0] AndroidManifest.xml:17:1-24:12
MERGED from [androidx.lifecycle:lifecycle-extensions:2.2.0] AndroidManifest.xml:17:1-27:12
MERGED from [com.owen:tv-recyclerview:3.0.0] AndroidManifest.xml:2:1-14:12
MERGED from [:player] AndroidManifest.xml:2:1-30:12
MERGED from [com.google.android.exoplayer:exoplayer-ui:2.14.2] AndroidManifest.xml:17:1-24:12
MERGED from [com.alibaba.android:vlayout:1.2.37] AndroidManifest.xml:25:1-35:12
MERGED from [androidx.recyclerview:recyclerview:1.2.1] AndroidManifest.xml:17:1-24:12
MERGED from [com.squareup.picasso:picasso:2.71828] AndroidManifest.xml:2:1-14:12
MERGED from [com.lzy.net:okgo:3.0.4] AndroidManifest.xml:17:1-31:12
MERGED from [com.google.android.exoplayer:extension-okhttp:2.14.2] AndroidManifest.xml:17:1-24:12
MERGED from [androidx.room:room-runtime:2.3.0] AndroidManifest.xml:17:1-31:12
MERGED from [androidx.multidex:multidex:2.0.1] AndroidManifest.xml:17:1-22:12
MERGED from [com.github.CymChad:BaseRecyclerViewAdapterHelper:2.9.45-androidx] AndroidManifest.xml:2:1-11:12
MERGED from [com.orhanobut:hawk:2.0.1] AndroidManifest.xml:2:1-8:12
MERGED from [me.jessyan:autosize:1.2.1] AndroidManifest.xml:2:1-19:12
MERGED from [com.github.xuexiangjys:XUpdate:2.1.5] AndroidManifest.xml:2:1-42:12
MERGED from [:quickjs] AndroidManifest.xml:2:1-9:12
MERGED from [com.github.getActivity:XXPermissions:13.6] AndroidManifest.xml:2:1-9:12
MERGED from [com.github.hedzr:android-file-chooser:v1.2.0-final] AndroidManifest.xml:2:1-18:12
MERGED from [org.chromium.net:cronet-embedded:101.4951.41] AndroidManifest.xml:15:2-22:13
MERGED from [androidx.legacy:legacy-support-v4:1.0.0] AndroidManifest.xml:17:1-22:12
MERGED from [androidx.fragment:fragment:1.3.4] AndroidManifest.xml:17:1-24:12
MERGED from [androidx.activity:activity:1.2.3] AndroidManifest.xml:17:1-24:12
MERGED from [androidx.appcompat:appcompat-resources:1.3.0] AndroidManifest.xml:17:1-24:12
MERGED from [androidx.legacy:legacy-support-core-ui:1.0.0] AndroidManifest.xml:17:1-22:12
MERGED from [androidx.drawerlayout:drawerlayout:1.0.0] AndroidManifest.xml:17:1-22:12
MERGED from [androidx.viewpager:viewpager:1.0.0] AndroidManifest.xml:17:1-22:12
MERGED from [androidx.coordinatorlayout:coordinatorlayout:1.0.0] AndroidManifest.xml:17:1-22:12
MERGED from [androidx.slidingpanelayout:slidingpanelayout:1.0.0] AndroidManifest.xml:17:1-22:12
MERGED from [androidx.customview:customview:1.0.0] AndroidManifest.xml:17:1-22:12
MERGED from [androidx.legacy:legacy-support-core-utils:1.0.0] AndroidManifest.xml:17:1-22:12
MERGED from [androidx.loader:loader:1.0.0] AndroidManifest.xml:17:1-22:12
MERGED from [androidx.vectordrawable:vectordrawable-animated:1.1.0] AndroidManifest.xml:17:1-24:12
MERGED from [androidx.vectordrawable:vectordrawable:1.1.0] AndroidManifest.xml:17:1-24:12
MERGED from [androidx.media:media:1.2.1] AndroidManifest.xml:17:1-24:12
MERGED from [androidx.swiperefreshlayout:swiperefreshlayout:1.0.0] AndroidManifest.xml:17:1-22:12
MERGED from [androidx.asynclayoutinflater:asynclayoutinflater:1.0.0] AndroidManifest.xml:17:1-22:12
MERGED from [androidx.core:core:1.5.0] AndroidManifest.xml:17:1-26:12
MERGED from [androidx.cursoradapter:cursoradapter:1.0.0] AndroidManifest.xml:17:1-22:12
MERGED from [androidx.lifecycle:lifecycle-viewmodel-savedstate:2.3.1] AndroidManifest.xml:17:1-24:12
MERGED from [androidx.savedstate:savedstate:1.1.0] AndroidManifest.xml:17:1-24:12
MERGED from [androidx.lifecycle:lifecycle-process:2.2.0] AndroidManifest.xml:17:1-32:12
MERGED from [androidx.lifecycle:lifecycle-service:2.2.0] AndroidManifest.xml:17:1-24:12
MERGED from [androidx.lifecycle:lifecycle-runtime:2.3.1] AndroidManifest.xml:17:1-24:12
MERGED from [androidx.lifecycle:lifecycle-viewmodel:2.3.1] AndroidManifest.xml:17:1-24:12
MERGED from [androidx.lifecycle:lifecycle-livedata:2.2.0] AndroidManifest.xml:17:1-24:12
MERGED from [androidx.lifecycle:lifecycle-livedata-core:2.3.1] AndroidManifest.xml:17:1-24:12
MERGED from [androidx.arch.core:core-runtime:2.1.0] AndroidManifest.xml:17:1-24:12
MERGED from [androidx.sqlite:sqlite-framework:2.1.0] AndroidManifest.xml:17:1-24:12
MERGED from [androidx.sqlite:sqlite:2.1.0] AndroidManifest.xml:17:1-24:12
MERGED from [androidx.exifinterface:exifinterface:1.0.0] AndroidManifest.xml:17:1-22:12
MERGED from [com.google.android.exoplayer:exoplayer-dash:2.14.2] AndroidManifest.xml:17:1-24:12
MERGED from [com.google.android.exoplayer:exoplayer-hls:2.14.2] AndroidManifest.xml:17:1-24:12
MERGED from [com.google.android.exoplayer:exoplayer-rtsp:2.14.2] AndroidManifest.xml:17:1-24:12
MERGED from [com.google.android.exoplayer:exoplayer-core:2.14.2] AndroidManifest.xml:17:1-26:12
MERGED from [com.google.android.exoplayer:extension-rtmp:2.14.2] AndroidManifest.xml:17:1-24:12
MERGED from [androidx.versionedparcelable:versionedparcelable:1.1.1] AndroidManifest.xml:17:1-27:12
MERGED from [androidx.tracing:tracing:1.0.0] AndroidManifest.xml:17:1-24:12
MERGED from [com.google.android.exoplayer:exoplayer-extractor:2.14.2] AndroidManifest.xml:17:1-24:12
MERGED from [com.google.android.exoplayer:exoplayer-common:2.14.2] AndroidManifest.xml:17:1-26:12
MERGED from [androidx.interpolator:interpolator:1.0.0] AndroidManifest.xml:17:1-22:12
MERGED from [androidx.documentfile:documentfile:1.0.0] AndroidManifest.xml:17:1-22:12
MERGED from [androidx.localbroadcastmanager:localbroadcastmanager:1.0.0] AndroidManifest.xml:17:1-22:12
MERGED from [androidx.print:print:1.0.0] AndroidManifest.xml:17:1-22:12
MERGED from [androidx.annotation:annotation-experimental:1.1.0] AndroidManifest.xml:17:1-24:12
MERGED from [com.facebook.conceal:conceal:1.1.3] AndroidManifest.xml:7:1-16:12
MERGED from [xyz.doikki.android.dkplayer:dkplayer-ui:3.3.5] AndroidManifest.xml:2:1-9:12
MERGED from [org.chromium.net:cronet-common:101.4951.41] AndroidManifest.xml:15:2-22:13
MERGED from [org.chromium.net:cronet-api:101.4951.41] AndroidManifest.xml:15:2-22:13
MERGED from [net.butterflytv.utils:rtmp-client:3.1.0] AndroidManifest.xml:2:1-13:12
INJECTED from src\main\AndroidManifest.xml:2:1-106:12
INJECTED from src\main\AndroidManifest.xml:2:1-106:12
INJECTED from src\main\AndroidManifest.xml:2:1-106:12
	package
		ADDED from src\main\AndroidManifest.xml:3:5-35
		INJECTED from src\main\AndroidManifest.xml
		INJECTED from src\main\AndroidManifest.xml
	android:versionName
		INJECTED from src\main\AndroidManifest.xml
		ADDED from src\main\AndroidManifest.xml:2:1-106:12
		INJECTED from src\main\AndroidManifest.xml
	android:versionCode
		INJECTED from src\main\AndroidManifest.xml
		ADDED from src\main\AndroidManifest.xml:2:1-106:12
		INJECTED from src\main\AndroidManifest.xml
	xmlns:android
		ADDED from src\main\AndroidManifest.xml:2:11-69
uses-feature#android.software.leanback
ADDED from src\main\AndroidManifest.xml:5:5-7:36
	android:required
		ADDED from src\main\AndroidManifest.xml:7:9-33
	android:name
		ADDED from src\main\AndroidManifest.xml:6:9-49
uses-feature#android.hardware.touchscreen
ADDED from src\main\AndroidManifest.xml:8:5-10:36
	android:required
		ADDED from src\main\AndroidManifest.xml:10:9-33
	android:name
		ADDED from src\main\AndroidManifest.xml:9:9-52
uses-permission#android.permission.INTERNET
ADDED from src\main\AndroidManifest.xml:12:5-67
MERGED from [:player] AndroidManifest.xml:18:5-67
MERGED from [:player] AndroidManifest.xml:18:5-67
MERGED from [com.lzy.net:okgo:3.0.4] AndroidManifest.xml:26:5-67
MERGED from [com.lzy.net:okgo:3.0.4] AndroidManifest.xml:26:5-67
MERGED from [com.github.xuexiangjys:XUpdate:2.1.5] AndroidManifest.xml:10:5-67
MERGED from [com.github.xuexiangjys:XUpdate:2.1.5] AndroidManifest.xml:10:5-67
MERGED from [org.chromium.net:cronet-embedded:101.4951.41] AndroidManifest.xml:19:6-67
MERGED from [org.chromium.net:cronet-embedded:101.4951.41] AndroidManifest.xml:19:6-67
MERGED from [org.chromium.net:cronet-common:101.4951.41] AndroidManifest.xml:19:6-67
MERGED from [org.chromium.net:cronet-common:101.4951.41] AndroidManifest.xml:19:6-67
MERGED from [org.chromium.net:cronet-api:101.4951.41] AndroidManifest.xml:19:6-67
MERGED from [org.chromium.net:cronet-api:101.4951.41] AndroidManifest.xml:19:6-67
MERGED from [net.butterflytv.utils:rtmp-client:3.1.0] AndroidManifest.xml:11:5-67
MERGED from [net.butterflytv.utils:rtmp-client:3.1.0] AndroidManifest.xml:11:5-67
	android:name
		ADDED from src\main\AndroidManifest.xml:12:22-64
uses-permission#android.permission.ACCESS_NETWORK_STATE
ADDED from src\main\AndroidManifest.xml:13:5-79
MERGED from [:player] AndroidManifest.xml:19:5-79
MERGED from [:player] AndroidManifest.xml:19:5-79
MERGED from [com.github.xuexiangjys:XUpdate:2.1.5] AndroidManifest.xml:11:5-79
MERGED from [com.github.xuexiangjys:XUpdate:2.1.5] AndroidManifest.xml:11:5-79
MERGED from [org.chromium.net:cronet-embedded:101.4951.41] AndroidManifest.xml:20:6-79
MERGED from [org.chromium.net:cronet-embedded:101.4951.41] AndroidManifest.xml:20:6-79
MERGED from [com.google.android.exoplayer:exoplayer-core:2.14.2] AndroidManifest.xml:24:5-79
MERGED from [com.google.android.exoplayer:exoplayer-core:2.14.2] AndroidManifest.xml:24:5-79
MERGED from [com.google.android.exoplayer:exoplayer-common:2.14.2] AndroidManifest.xml:24:5-79
MERGED from [com.google.android.exoplayer:exoplayer-common:2.14.2] AndroidManifest.xml:24:5-79
MERGED from [org.chromium.net:cronet-common:101.4951.41] AndroidManifest.xml:20:6-79
MERGED from [org.chromium.net:cronet-common:101.4951.41] AndroidManifest.xml:20:6-79
MERGED from [org.chromium.net:cronet-api:101.4951.41] AndroidManifest.xml:20:6-79
MERGED from [org.chromium.net:cronet-api:101.4951.41] AndroidManifest.xml:20:6-79
	android:name
		ADDED from src\main\AndroidManifest.xml:13:22-76
uses-permission#android.permission.ACCESS_WIFI_STATE
ADDED from src\main\AndroidManifest.xml:14:5-76
MERGED from [:player] AndroidManifest.xml:20:5-76
MERGED from [:player] AndroidManifest.xml:20:5-76
	android:name
		ADDED from src\main\AndroidManifest.xml:14:22-73
uses-permission#android.permission.CHANGE_WIFI_MULTICAST_STATE
ADDED from src\main\AndroidManifest.xml:15:5-86
MERGED from [:player] AndroidManifest.xml:21:5-86
MERGED from [:player] AndroidManifest.xml:21:5-86
	android:name
		ADDED from src\main\AndroidManifest.xml:15:22-83
uses-permission#android.permission.READ_EXTERNAL_STORAGE
ADDED from src\main\AndroidManifest.xml:16:5-80
MERGED from [:player] AndroidManifest.xml:23:5-80
MERGED from [:player] AndroidManifest.xml:23:5-80
MERGED from [com.lzy.net:okgo:3.0.4] AndroidManifest.xml:27:5-80
MERGED from [com.lzy.net:okgo:3.0.4] AndroidManifest.xml:27:5-80
MERGED from [com.github.xuexiangjys:XUpdate:2.1.5] AndroidManifest.xml:18:5-80
MERGED from [com.github.xuexiangjys:XUpdate:2.1.5] AndroidManifest.xml:18:5-80
	android:name
		ADDED from src\main\AndroidManifest.xml:16:22-77
uses-permission#android.permission.WRITE_EXTERNAL_STORAGE
ADDED from src\main\AndroidManifest.xml:17:5-81
MERGED from [:player] AndroidManifest.xml:24:5-81
MERGED from [:player] AndroidManifest.xml:24:5-81
MERGED from [com.lzy.net:okgo:3.0.4] AndroidManifest.xml:28:5-81
MERGED from [com.lzy.net:okgo:3.0.4] AndroidManifest.xml:28:5-81
MERGED from [com.github.xuexiangjys:XUpdate:2.1.5] AndroidManifest.xml:15:5-17:40
MERGED from [com.github.xuexiangjys:XUpdate:2.1.5] AndroidManifest.xml:15:5-17:40
	tools:ignore
		ADDED from [com.github.xuexiangjys:XUpdate:2.1.5] AndroidManifest.xml:17:9-37
	android:name
		ADDED from src\main\AndroidManifest.xml:17:22-78
uses-permission#android.permission.ACCESS_FINE_LOCATION
ADDED from src\main\AndroidManifest.xml:18:5-79
MERGED from [:player] AndroidManifest.xml:27:5-79
MERGED from [:player] AndroidManifest.xml:27:5-79
	android:name
		ADDED from src\main\AndroidManifest.xml:18:22-76
uses-permission#android.permission.REQUEST_INSTALL_PACKAGES
ADDED from src\main\AndroidManifest.xml:19:5-83
MERGED from [:player] AndroidManifest.xml:28:5-83
MERGED from [:player] AndroidManifest.xml:28:5-83
MERGED from [com.github.xuexiangjys:XUpdate:2.1.5] AndroidManifest.xml:19:5-83
MERGED from [com.github.xuexiangjys:XUpdate:2.1.5] AndroidManifest.xml:19:5-83
	android:name
		ADDED from src\main\AndroidManifest.xml:19:22-80
application
ADDED from src\main\AndroidManifest.xml:21:5-104:19
MERGED from [androidx.constraintlayout:constraintlayout:2.0.4] AndroidManifest.xml:9:5-20
MERGED from [androidx.constraintlayout:constraintlayout:2.0.4] AndroidManifest.xml:9:5-20
MERGED from [androidx.lifecycle:lifecycle-extensions:2.2.0] AndroidManifest.xml:24:5-25:19
MERGED from [androidx.lifecycle:lifecycle-extensions:2.2.0] AndroidManifest.xml:24:5-25:19
MERGED from [com.owen:tv-recyclerview:3.0.0] AndroidManifest.xml:11:5-12:19
MERGED from [com.owen:tv-recyclerview:3.0.0] AndroidManifest.xml:11:5-12:19
MERGED from [com.squareup.picasso:picasso:2.71828] AndroidManifest.xml:7:5-12:19
MERGED from [com.squareup.picasso:picasso:2.71828] AndroidManifest.xml:7:5-12:19
MERGED from [androidx.room:room-runtime:2.3.0] AndroidManifest.xml:24:5-29:19
MERGED from [androidx.room:room-runtime:2.3.0] AndroidManifest.xml:24:5-29:19
MERGED from [me.jessyan:autosize:1.2.1] AndroidManifest.xml:11:5-17:19
MERGED from [me.jessyan:autosize:1.2.1] AndroidManifest.xml:11:5-17:19
MERGED from [com.github.xuexiangjys:XUpdate:2.1.5] AndroidManifest.xml:21:5-40:19
MERGED from [com.github.xuexiangjys:XUpdate:2.1.5] AndroidManifest.xml:21:5-40:19
MERGED from [com.github.hedzr:android-file-chooser:v1.2.0-final] AndroidManifest.xml:11:5-16:19
MERGED from [com.github.hedzr:android-file-chooser:v1.2.0-final] AndroidManifest.xml:11:5-16:19
MERGED from [androidx.core:core:1.5.0] AndroidManifest.xml:24:5-89
MERGED from [androidx.core:core:1.5.0] AndroidManifest.xml:24:5-89
MERGED from [androidx.lifecycle:lifecycle-process:2.2.0] AndroidManifest.xml:24:5-30:19
MERGED from [androidx.lifecycle:lifecycle-process:2.2.0] AndroidManifest.xml:24:5-30:19
MERGED from [androidx.versionedparcelable:versionedparcelable:1.1.1] AndroidManifest.xml:24:5-25:19
MERGED from [androidx.versionedparcelable:versionedparcelable:1.1.1] AndroidManifest.xml:24:5-25:19
	android:appComponentFactory
		ADDED from [androidx.core:core:1.5.0] AndroidManifest.xml:24:18-86
	android:supportsRtl
		ADDED from src\main\AndroidManifest.xml:31:9-35
	android:label
		ADDED from src\main\AndroidManifest.xml:28:9-41
	android:hardwareAccelerated
		ADDED from src\main\AndroidManifest.xml:26:9-43
	android:configChanges
		ADDED from src\main\AndroidManifest.xml:25:9-70
	android:largeHeap
		ADDED from src\main\AndroidManifest.xml:29:9-33
	android:icon
		ADDED from src\main\AndroidManifest.xml:27:9-42
	android:allowBackup
		ADDED from src\main\AndroidManifest.xml:23:9-35
	android:banner
		ADDED from src\main\AndroidManifest.xml:24:9-46
	android:theme
		ADDED from src\main\AndroidManifest.xml:32:9-52
	android:networkSecurityConfig
		ADDED from src\main\AndroidManifest.xml:30:9-69
	android:usesCleartextTraffic
		ADDED from src\main\AndroidManifest.xml:33:9-44
	android:name
		ADDED from src\main\AndroidManifest.xml:22:9-33
activity#com.github.tvbox.osc.ui.activity.HomeActivity
ADDED from src\main\AndroidManifest.xml:35:9-44:20
	android:screenOrientation
		ADDED from src\main\AndroidManifest.xml:37:13-56
	android:name
		ADDED from src\main\AndroidManifest.xml:36:13-53
intent-filter#action:name:android.intent.action.MAIN+category:name:android.intent.category.LAUNCHER+category:name:android.intent.category.LEANBACK_LAUNCHER
ADDED from src\main\AndroidManifest.xml:38:13-43:29
action#android.intent.action.MAIN
ADDED from src\main\AndroidManifest.xml:39:17-69
	android:name
		ADDED from src\main\AndroidManifest.xml:39:25-66
category#android.intent.category.LAUNCHER
ADDED from src\main\AndroidManifest.xml:41:17-77
	android:name
		ADDED from src\main\AndroidManifest.xml:41:27-74
category#android.intent.category.LEANBACK_LAUNCHER
ADDED from src\main\AndroidManifest.xml:42:17-86
	android:name
		ADDED from src\main\AndroidManifest.xml:42:27-83
activity#com.github.tvbox.osc.ui.activity.LivePlayActivity
ADDED from src\main\AndroidManifest.xml:46:9-48:59
	android:screenOrientation
		ADDED from src\main\AndroidManifest.xml:48:13-56
	android:name
		ADDED from src\main\AndroidManifest.xml:47:13-57
activity#com.github.tvbox.osc.ui.activity.DetailActivity
ADDED from src\main\AndroidManifest.xml:49:9-52:59
	android:screenOrientation
		ADDED from src\main\AndroidManifest.xml:52:13-56
	android:configChanges
		ADDED from src\main\AndroidManifest.xml:51:13-59
	android:name
		ADDED from src\main\AndroidManifest.xml:50:13-55
activity#com.github.tvbox.osc.ui.activity.PlayActivity
ADDED from src\main\AndroidManifest.xml:53:9-56:59
	android:screenOrientation
		ADDED from src\main\AndroidManifest.xml:56:13-56
	android:configChanges
		ADDED from src\main\AndroidManifest.xml:55:13-59
	android:name
		ADDED from src\main\AndroidManifest.xml:54:13-53
activity#com.github.tvbox.osc.ui.activity.SearchActivity
ADDED from src\main\AndroidManifest.xml:57:9-60:59
	android:screenOrientation
		ADDED from src\main\AndroidManifest.xml:60:13-56
	android:windowSoftInputMode
		ADDED from src\main\AndroidManifest.xml:59:13-67
	android:name
		ADDED from src\main\AndroidManifest.xml:58:13-55
activity#com.github.tvbox.osc.ui.activity.SettingActivity
ADDED from src\main\AndroidManifest.xml:62:9-64:59
	android:screenOrientation
		ADDED from src\main\AndroidManifest.xml:64:13-56
	android:name
		ADDED from src\main\AndroidManifest.xml:63:13-56
activity#com.github.tvbox.osc.ui.activity.CollectActivity
ADDED from src\main\AndroidManifest.xml:66:9-68:59
	android:screenOrientation
		ADDED from src\main\AndroidManifest.xml:68:13-56
	android:name
		ADDED from src\main\AndroidManifest.xml:67:13-56
receiver#com.github.tvbox.osc.receiver.SearchReceiver
ADDED from src\main\AndroidManifest.xml:70:9-74:20
	android:name
		ADDED from src\main\AndroidManifest.xml:70:19-58
intent-filter#action:name:android.content.movie.search.Action
ADDED from src\main\AndroidManifest.xml:71:13-73:29
action#android.content.movie.search.Action
ADDED from src\main\AndroidManifest.xml:72:17-78
	android:name
		ADDED from src\main\AndroidManifest.xml:72:25-75
receiver#com.github.tvbox.osc.receiver.CustomWebReceiver
ADDED from src\main\AndroidManifest.xml:75:9-79:20
	android:name
		ADDED from src\main\AndroidManifest.xml:75:19-61
intent-filter#action:name:android.content.movie.custom.web.Action
ADDED from src\main\AndroidManifest.xml:76:13-78:29
action#android.content.movie.custom.web.Action
ADDED from src\main\AndroidManifest.xml:77:17-82
	android:name
		ADDED from src\main\AndroidManifest.xml:77:25-79
meta-data#design_width_in_dp
ADDED from src\main\AndroidManifest.xml:91:9-93:36
	android:value
		ADDED from src\main\AndroidManifest.xml:93:13-33
	android:name
		ADDED from src\main\AndroidManifest.xml:92:13-46
meta-data#design_height_in_dp
ADDED from src\main\AndroidManifest.xml:94:9-96:35
	android:value
		ADDED from src\main\AndroidManifest.xml:96:13-32
	android:name
		ADDED from src\main\AndroidManifest.xml:95:13-47
meta-data#xwalk_enable_download_mode
ADDED from src\main\AndroidManifest.xml:98:9-100:38
	android:value
		ADDED from src\main\AndroidManifest.xml:100:13-35
	android:name
		ADDED from src\main\AndroidManifest.xml:99:13-54
meta-data#xwalk_verify
ADDED from src\main\AndroidManifest.xml:101:9-103:39
	android:value
		ADDED from src\main\AndroidManifest.xml:103:13-36
	android:name
		ADDED from src\main\AndroidManifest.xml:102:13-40
uses-sdk
INJECTED from src\main\AndroidManifest.xml reason: use-sdk injection requested
INJECTED from src\main\AndroidManifest.xml
INJECTED from src\main\AndroidManifest.xml
MERGED from [xwalk_shared_library-23.53.589.4.aar] AndroidManifest.xml:6:5-8:41
MERGED from [xwalk_shared_library-23.53.589.4.aar] AndroidManifest.xml:6:5-8:41
MERGED from [com.kingja.loadsir:loadsir:1.3.8] AndroidManifest.xml:7:5-9:41
MERGED from [com.kingja.loadsir:loadsir:1.3.8] AndroidManifest.xml:7:5-9:41
MERGED from [androidx.constraintlayout:constraintlayout:2.0.4] AndroidManifest.xml:5:5-7:41
MERGED from [androidx.constraintlayout:constraintlayout:2.0.4] AndroidManifest.xml:5:5-7:41
MERGED from [androidx.appcompat:appcompat:1.3.0] AndroidManifest.xml:20:5-22:41
MERGED from [androidx.appcompat:appcompat:1.3.0] AndroidManifest.xml:20:5-22:41
MERGED from [androidx.lifecycle:lifecycle-extensions:2.2.0] AndroidManifest.xml:20:5-22:41
MERGED from [androidx.lifecycle:lifecycle-extensions:2.2.0] AndroidManifest.xml:20:5-22:41
MERGED from [com.owen:tv-recyclerview:3.0.0] AndroidManifest.xml:7:5-9:41
MERGED from [com.owen:tv-recyclerview:3.0.0] AndroidManifest.xml:7:5-9:41
MERGED from [:player] AndroidManifest.xml:14:5-16:41
MERGED from [:player] AndroidManifest.xml:14:5-16:41
MERGED from [com.google.android.exoplayer:exoplayer-ui:2.14.2] AndroidManifest.xml:20:5-22:41
MERGED from [com.google.android.exoplayer:exoplayer-ui:2.14.2] AndroidManifest.xml:20:5-22:41
MERGED from [com.alibaba.android:vlayout:1.2.37] AndroidManifest.xml:31:5-33:41
MERGED from [com.alibaba.android:vlayout:1.2.37] AndroidManifest.xml:31:5-33:41
MERGED from [androidx.recyclerview:recyclerview:1.2.1] AndroidManifest.xml:20:5-22:41
MERGED from [androidx.recyclerview:recyclerview:1.2.1] AndroidManifest.xml:20:5-22:41
MERGED from [com.squareup.picasso:picasso:2.71828] AndroidManifest.xml:5:5-44
MERGED from [com.squareup.picasso:picasso:2.71828] AndroidManifest.xml:5:5-44
MERGED from [com.lzy.net:okgo:3.0.4] AndroidManifest.xml:22:5-24:41
MERGED from [com.lzy.net:okgo:3.0.4] AndroidManifest.xml:22:5-24:41
MERGED from [com.google.android.exoplayer:extension-okhttp:2.14.2] AndroidManifest.xml:20:5-22:41
MERGED from [com.google.android.exoplayer:extension-okhttp:2.14.2] AndroidManifest.xml:20:5-22:41
MERGED from [androidx.room:room-runtime:2.3.0] AndroidManifest.xml:20:5-22:41
MERGED from [androidx.room:room-runtime:2.3.0] AndroidManifest.xml:20:5-22:41
MERGED from [androidx.multidex:multidex:2.0.1] AndroidManifest.xml:20:5-43
MERGED from [androidx.multidex:multidex:2.0.1] AndroidManifest.xml:20:5-43
MERGED from [com.github.CymChad:BaseRecyclerViewAdapterHelper:2.9.45-androidx] AndroidManifest.xml:7:5-9:41
MERGED from [com.github.CymChad:BaseRecyclerViewAdapterHelper:2.9.45-androidx] AndroidManifest.xml:7:5-9:41
MERGED from [com.orhanobut:hawk:2.0.1] AndroidManifest.xml:6:5-44
MERGED from [com.orhanobut:hawk:2.0.1] AndroidManifest.xml:6:5-44
MERGED from [me.jessyan:autosize:1.2.1] AndroidManifest.xml:7:5-9:41
MERGED from [me.jessyan:autosize:1.2.1] AndroidManifest.xml:7:5-9:41
MERGED from [com.github.xuexiangjys:XUpdate:2.1.5] AndroidManifest.xml:6:5-8:41
MERGED from [com.github.xuexiangjys:XUpdate:2.1.5] AndroidManifest.xml:6:5-8:41
MERGED from [:quickjs] AndroidManifest.xml:5:5-7:41
MERGED from [:quickjs] AndroidManifest.xml:5:5-7:41
MERGED from [com.github.getActivity:XXPermissions:13.6] AndroidManifest.xml:7:5-44
MERGED from [com.github.getActivity:XXPermissions:13.6] AndroidManifest.xml:7:5-44
MERGED from [com.github.hedzr:android-file-chooser:v1.2.0-final] AndroidManifest.xml:7:5-9:41
MERGED from [com.github.hedzr:android-file-chooser:v1.2.0-final] AndroidManifest.xml:7:5-9:41
MERGED from [org.chromium.net:cronet-embedded:101.4951.41] AndroidManifest.xml:18:6-75
MERGED from [org.chromium.net:cronet-embedded:101.4951.41] AndroidManifest.xml:18:6-75
MERGED from [androidx.legacy:legacy-support-v4:1.0.0] AndroidManifest.xml:20:5-44
MERGED from [androidx.legacy:legacy-support-v4:1.0.0] AndroidManifest.xml:20:5-44
MERGED from [androidx.fragment:fragment:1.3.4] AndroidManifest.xml:20:5-22:41
MERGED from [androidx.fragment:fragment:1.3.4] AndroidManifest.xml:20:5-22:41
MERGED from [androidx.activity:activity:1.2.3] AndroidManifest.xml:20:5-22:41
MERGED from [androidx.activity:activity:1.2.3] AndroidManifest.xml:20:5-22:41
MERGED from [androidx.appcompat:appcompat-resources:1.3.0] AndroidManifest.xml:20:5-22:41
MERGED from [androidx.appcompat:appcompat-resources:1.3.0] AndroidManifest.xml:20:5-22:41
MERGED from [androidx.legacy:legacy-support-core-ui:1.0.0] AndroidManifest.xml:20:5-44
MERGED from [androidx.legacy:legacy-support-core-ui:1.0.0] AndroidManifest.xml:20:5-44
MERGED from [androidx.drawerlayout:drawerlayout:1.0.0] AndroidManifest.xml:20:5-44
MERGED from [androidx.drawerlayout:drawerlayout:1.0.0] AndroidManifest.xml:20:5-44
MERGED from [androidx.viewpager:viewpager:1.0.0] AndroidManifest.xml:20:5-44
MERGED from [androidx.viewpager:viewpager:1.0.0] AndroidManifest.xml:20:5-44
MERGED from [androidx.coordinatorlayout:coordinatorlayout:1.0.0] AndroidManifest.xml:20:5-44
MERGED from [androidx.coordinatorlayout:coordinatorlayout:1.0.0] AndroidManifest.xml:20:5-44
MERGED from [androidx.slidingpanelayout:slidingpanelayout:1.0.0] AndroidManifest.xml:20:5-44
MERGED from [androidx.slidingpanelayout:slidingpanelayout:1.0.0] AndroidManifest.xml:20:5-44
MERGED from [androidx.customview:customview:1.0.0] AndroidManifest.xml:20:5-44
MERGED from [androidx.customview:customview:1.0.0] AndroidManifest.xml:20:5-44
MERGED from [androidx.legacy:legacy-support-core-utils:1.0.0] AndroidManifest.xml:20:5-44
MERGED from [androidx.legacy:legacy-support-core-utils:1.0.0] AndroidManifest.xml:20:5-44
MERGED from [androidx.loader:loader:1.0.0] AndroidManifest.xml:20:5-44
MERGED from [androidx.loader:loader:1.0.0] AndroidManifest.xml:20:5-44
MERGED from [androidx.vectordrawable:vectordrawable-animated:1.1.0] AndroidManifest.xml:20:5-22:41
MERGED from [androidx.vectordrawable:vectordrawable-animated:1.1.0] AndroidManifest.xml:20:5-22:41
MERGED from [androidx.vectordrawable:vectordrawable:1.1.0] AndroidManifest.xml:20:5-22:41
MERGED from [androidx.vectordrawable:vectordrawable:1.1.0] AndroidManifest.xml:20:5-22:41
MERGED from [androidx.media:media:1.2.1] AndroidManifest.xml:20:5-22:41
MERGED from [androidx.media:media:1.2.1] AndroidManifest.xml:20:5-22:41
MERGED from [androidx.swiperefreshlayout:swiperefreshlayout:1.0.0] AndroidManifest.xml:20:5-44
MERGED from [androidx.swiperefreshlayout:swiperefreshlayout:1.0.0] AndroidManifest.xml:20:5-44
MERGED from [androidx.asynclayoutinflater:asynclayoutinflater:1.0.0] AndroidManifest.xml:20:5-44
MERGED from [androidx.asynclayoutinflater:asynclayoutinflater:1.0.0] AndroidManifest.xml:20:5-44
MERGED from [androidx.core:core:1.5.0] AndroidManifest.xml:20:5-22:41
MERGED from [androidx.core:core:1.5.0] AndroidManifest.xml:20:5-22:41
MERGED from [androidx.cursoradapter:cursoradapter:1.0.0] AndroidManifest.xml:20:5-44
MERGED from [androidx.cursoradapter:cursoradapter:1.0.0] AndroidManifest.xml:20:5-44
MERGED from [androidx.lifecycle:lifecycle-viewmodel-savedstate:2.3.1] AndroidManifest.xml:20:5-22:41
MERGED from [androidx.lifecycle:lifecycle-viewmodel-savedstate:2.3.1] AndroidManifest.xml:20:5-22:41
MERGED from [androidx.savedstate:savedstate:1.1.0] AndroidManifest.xml:20:5-22:41
MERGED from [androidx.savedstate:savedstate:1.1.0] AndroidManifest.xml:20:5-22:41
MERGED from [androidx.lifecycle:lifecycle-process:2.2.0] AndroidManifest.xml:20:5-22:41
MERGED from [androidx.lifecycle:lifecycle-process:2.2.0] AndroidManifest.xml:20:5-22:41
MERGED from [androidx.lifecycle:lifecycle-service:2.2.0] AndroidManifest.xml:20:5-22:41
MERGED from [androidx.lifecycle:lifecycle-service:2.2.0] AndroidManifest.xml:20:5-22:41
MERGED from [androidx.lifecycle:lifecycle-runtime:2.3.1] AndroidManifest.xml:20:5-22:41
MERGED from [androidx.lifecycle:lifecycle-runtime:2.3.1] AndroidManifest.xml:20:5-22:41
MERGED from [androidx.lifecycle:lifecycle-viewmodel:2.3.1] AndroidManifest.xml:20:5-22:41
MERGED from [androidx.lifecycle:lifecycle-viewmodel:2.3.1] AndroidManifest.xml:20:5-22:41
MERGED from [androidx.lifecycle:lifecycle-livedata:2.2.0] AndroidManifest.xml:20:5-22:41
MERGED from [androidx.lifecycle:lifecycle-livedata:2.2.0] AndroidManifest.xml:20:5-22:41
MERGED from [androidx.lifecycle:lifecycle-livedata-core:2.3.1] AndroidManifest.xml:20:5-22:41
MERGED from [androidx.lifecycle:lifecycle-livedata-core:2.3.1] AndroidManifest.xml:20:5-22:41
MERGED from [androidx.arch.core:core-runtime:2.1.0] AndroidManifest.xml:20:5-22:41
MERGED from [androidx.arch.core:core-runtime:2.1.0] AndroidManifest.xml:20:5-22:41
MERGED from [androidx.sqlite:sqlite-framework:2.1.0] AndroidManifest.xml:20:5-22:41
MERGED from [androidx.sqlite:sqlite-framework:2.1.0] AndroidManifest.xml:20:5-22:41
MERGED from [androidx.sqlite:sqlite:2.1.0] AndroidManifest.xml:20:5-22:41
MERGED from [androidx.sqlite:sqlite:2.1.0] AndroidManifest.xml:20:5-22:41
MERGED from [androidx.exifinterface:exifinterface:1.0.0] AndroidManifest.xml:20:5-44
MERGED from [androidx.exifinterface:exifinterface:1.0.0] AndroidManifest.xml:20:5-44
MERGED from [com.google.android.exoplayer:exoplayer-dash:2.14.2] AndroidManifest.xml:20:5-22:41
MERGED from [com.google.android.exoplayer:exoplayer-dash:2.14.2] AndroidManifest.xml:20:5-22:41
MERGED from [com.google.android.exoplayer:exoplayer-hls:2.14.2] AndroidManifest.xml:20:5-22:41
MERGED from [com.google.android.exoplayer:exoplayer-hls:2.14.2] AndroidManifest.xml:20:5-22:41
MERGED from [com.google.android.exoplayer:exoplayer-rtsp:2.14.2] AndroidManifest.xml:20:5-22:41